<?xml version="1.0" encoding="UTF-8"?>
<testsuite xmlns:xsi="http://www.w3.org/2001/XMLSchema-instance" xsi:noNamespaceSchemaLocation="https://maven.apache.org/surefire/maven-surefire-plugin/xsd/surefire-test-report.xsd" name="lenaickSorimoutou.AppTest" time="0.114" tests="1" errors="0" skipped="0" failures="0">
  <properties>
    <property name="sun.desktop" value="windows"/>
    <property name="awt.toolkit" value="sun.awt.windows.WToolkit"/>
    <property name="java.specification.version" value="11"/>
    <property name="sun.cpu.isalist" value="amd64"/>
    <property name="sun.jnu.encoding" value="Cp1252"/>
    <property name="java.class.path" value="C:\Users\Lénaïck Sorimoutou\Documents\Programmation\Projet\WebScraping\server\WebSockets\target\test-classes;C:\Users\Lénaïck Sorimoutou\Documents\Programmation\Projet\WebScraping\server\WebSockets\target\classes;C:\Users\Lénaïck Sorimoutou\.m2\repository\junit\junit\4.11\junit-4.11.jar;C:\Users\Lénaïck Sorimoutou\.m2\repository\org\hamcrest\hamcrest-core\1.3\hamcrest-core-1.3.jar;C:\Users\Lénaïck Sorimoutou\.m2\repository\javax\websocket\javax.websocket-api\1.1\javax.websocket-api-1.1.jar;C:\Users\Lénaïck Sorimoutou\.m2\repository\org\glassfish\tyrus\tyrus-server\1.15\tyrus-server-1.15.jar;C:\Users\Lénaïck Sorimoutou\.m2\repository\jakarta\websocket\jakarta.websocket-api\1.1.1\jakarta.websocket-api-1.1.1.jar;C:\Users\Lénaïck Sorimoutou\.m2\repository\org\glassfish\tyrus\tyrus-client\1.15\tyrus-client-1.15.jar;C:\Users\Lénaïck Sorimoutou\.m2\repository\org\glassfish\tyrus\tyrus-core\1.15\tyrus-core-1.15.jar;C:\Users\Lénaïck Sorimoutou\.m2\repository\org\glassfish\tyrus\tyrus-spi\1.15\tyrus-spi-1.15.jar;C:\Users\Lénaïck Sorimoutou\.m2\repository\org\glassfish\tyrus\tyrus-container-grizzly-client\1.15\tyrus-container-grizzly-client-1.15.jar;C:\Users\Lénaïck Sorimoutou\.m2\repository\org\glassfish\tyrus\tyrus-container-grizzly-server\1.15\tyrus-container-grizzly-server-1.15.jar;C:\Users\Lénaïck Sorimoutou\.m2\repository\org\glassfish\grizzly\grizzly-framework\2.4.4\grizzly-framework-2.4.4.jar;C:\Users\Lénaïck Sorimoutou\.m2\repository\org\glassfish\grizzly\grizzly-http-server\2.4.4\grizzly-http-server-2.4.4.jar;C:\Users\Lénaïck Sorimoutou\.m2\repository\org\glassfish\grizzly\grizzly-http\2.4.4\grizzly-http-2.4.4.jar;C:\Users\Lénaïck Sorimoutou\.m2\repository\org\glassfish\javax.json\1.1.4\javax.json-1.1.4.jar;C:\Users\Lénaïck Sorimoutou\.m2\repository\org\seleniumhq\selenium\selenium-firefox-driver\3.141.59\selenium-firefox-driver-3.141.59.jar;C:\Users\Lénaïck Sorimoutou\.m2\repository\org\seleniumhq\selenium\selenium-api\3.141.59\selenium-api-3.141.59.jar;C:\Users\Lénaïck Sorimoutou\.m2\repository\org\seleniumhq\selenium\selenium-remote-driver\3.141.59\selenium-remote-driver-3.141.59.jar;C:\Users\Lénaïck Sorimoutou\.m2\repository\net\bytebuddy\byte-buddy\1.8.15\byte-buddy-1.8.15.jar;C:\Users\Lénaïck Sorimoutou\.m2\repository\org\apache\commons\commons-exec\1.3\commons-exec-1.3.jar;C:\Users\Lénaïck Sorimoutou\.m2\repository\com\google\guava\guava\25.0-jre\guava-25.0-jre.jar;C:\Users\Lénaïck Sorimoutou\.m2\repository\com\google\code\findbugs\jsr305\1.3.9\jsr305-1.3.9.jar;C:\Users\Lénaïck Sorimoutou\.m2\repository\org\checkerframework\checker-compat-qual\2.0.0\checker-compat-qual-2.0.0.jar;C:\Users\Lénaïck Sorimoutou\.m2\repository\com\google\errorprone\error_prone_annotations\2.1.3\error_prone_annotations-2.1.3.jar;C:\Users\Lénaïck Sorimoutou\.m2\repository\com\google\j2objc\j2objc-annotations\1.1\j2objc-annotations-1.1.jar;C:\Users\Lénaïck Sorimoutou\.m2\repository\org\codehaus\mojo\animal-sniffer-annotations\1.14\animal-sniffer-annotations-1.14.jar;C:\Users\Lénaïck Sorimoutou\.m2\repository\com\squareup\okhttp3\okhttp\3.11.0\okhttp-3.11.0.jar;C:\Users\Lénaïck Sorimoutou\.m2\repository\com\squareup\okio\okio\1.14.0\okio-1.14.0.jar;C:\Users\Lénaïck Sorimoutou\.m2\repository\org\seleniumhq\selenium\selenium-support\3.141.59\selenium-support-3.141.59.jar;C:\Users\Lénaïck Sorimoutou\.m2\repository\com\google\code\gson\gson\2.8.6\gson-2.8.6.jar;"/>
    <property name="java.vm.vendor" value="AdoptOpenJDK"/>
    <property name="sun.arch.data.model" value="64"/>
    <property name="user.variant" value=""/>
    <property name="java.vendor.url" value="https://adoptopenjdk.net/"/>
    <property name="user.timezone" value="Europe/Paris"/>
    <property name="java.vm.specification.version" value="11"/>
    <property name="os.name" value="Windows 10"/>
    <property name="sun.java.launcher" value="SUN_STANDARD"/>
    <property name="user.country" value="029"/>
    <property name="sun.boot.library.path" value="C:\Program Files\AdoptOpenJDK\jdk-11.0.3.7-hotspot\bin"/>
    <property name="sun.java.command" value="C:\Users\LNACKS~1\AppData\Local\Temp\surefire16951359669393168228\surefirebooter1855449080405054764.jar C:\Users\Lénaïck Sorimoutou\AppData\Local\Temp\surefire16951359669393168228 2019-10-16T08-32-53_977-jvmRun1 surefire14093710561702477681tmp surefire_01874087814240753404tmp"/>
    <property name="jdk.debug" value="release"/>
    <property name="surefire.test.class.path" value="C:\Users\Lénaïck Sorimoutou\Documents\Programmation\Projet\WebScraping\server\WebSockets\target\test-classes;C:\Users\Lénaïck Sorimoutou\Documents\Programmation\Projet\WebScraping\server\WebSockets\target\classes;C:\Users\Lénaïck Sorimoutou\.m2\repository\junit\junit\4.11\junit-4.11.jar;C:\Users\Lénaïck Sorimoutou\.m2\repository\org\hamcrest\hamcrest-core\1.3\hamcrest-core-1.3.jar;C:\Users\Lénaïck Sorimoutou\.m2\repository\javax\websocket\javax.websocket-api\1.1\javax.websocket-api-1.1.jar;C:\Users\Lénaïck Sorimoutou\.m2\repository\org\glassfish\tyrus\tyrus-server\1.15\tyrus-server-1.15.jar;C:\Users\Lénaïck Sorimoutou\.m2\repository\jakarta\websocket\jakarta.websocket-api\1.1.1\jakarta.websocket-api-1.1.1.jar;C:\Users\Lénaïck Sorimoutou\.m2\repository\org\glassfish\tyrus\tyrus-client\1.15\tyrus-client-1.15.jar;C:\Users\Lénaïck Sorimoutou\.m2\repository\org\glassfish\tyrus\tyrus-core\1.15\tyrus-core-1.15.jar;C:\Users\Lénaïck Sorimoutou\.m2\repository\org\glassfish\tyrus\tyrus-spi\1.15\tyrus-spi-1.15.jar;C:\Users\Lénaïck Sorimoutou\.m2\repository\org\glassfish\tyrus\tyrus-container-grizzly-client\1.15\tyrus-container-grizzly-client-1.15.jar;C:\Users\Lénaïck Sorimoutou\.m2\repository\org\glassfish\tyrus\tyrus-container-grizzly-server\1.15\tyrus-container-grizzly-server-1.15.jar;C:\Users\Lénaïck Sorimoutou\.m2\repository\org\glassfish\grizzly\grizzly-framework\2.4.4\grizzly-framework-2.4.4.jar;C:\Users\Lénaïck Sorimoutou\.m2\repository\org\glassfish\grizzly\grizzly-http-server\2.4.4\grizzly-http-server-2.4.4.jar;C:\Users\Lénaïck Sorimoutou\.m2\repository\org\glassfish\grizzly\grizzly-http\2.4.4\grizzly-http-2.4.4.jar;C:\Users\Lénaïck Sorimoutou\.m2\repository\org\glassfish\javax.json\1.1.4\javax.json-1.1.4.jar;C:\Users\Lénaïck Sorimoutou\.m2\repository\org\seleniumhq\selenium\selenium-firefox-driver\3.141.59\selenium-firefox-driver-3.141.59.jar;C:\Users\Lénaïck Sorimoutou\.m2\repository\org\seleniumhq\selenium\selenium-api\3.141.59\selenium-api-3.141.59.jar;C:\Users\Lénaïck Sorimoutou\.m2\repository\org\seleniumhq\selenium\selenium-remote-driver\3.141.59\selenium-remote-driver-3.141.59.jar;C:\Users\Lénaïck Sorimoutou\.m2\repository\net\bytebuddy\byte-buddy\1.8.15\byte-buddy-1.8.15.jar;C:\Users\Lénaïck Sorimoutou\.m2\repository\org\apache\commons\commons-exec\1.3\commons-exec-1.3.jar;C:\Users\Lénaïck Sorimoutou\.m2\repository\com\google\guava\guava\25.0-jre\guava-25.0-jre.jar;C:\Users\Lénaïck Sorimoutou\.m2\repository\com\google\code\findbugs\jsr305\1.3.9\jsr305-1.3.9.jar;C:\Users\Lénaïck Sorimoutou\.m2\repository\org\checkerframework\checker-compat-qual\2.0.0\checker-compat-qual-2.0.0.jar;C:\Users\Lénaïck Sorimoutou\.m2\repository\com\google\errorprone\error_prone_annotations\2.1.3\error_prone_annotations-2.1.3.jar;C:\Users\Lénaïck Sorimoutou\.m2\repository\com\google\j2objc\j2objc-annotations\1.1\j2objc-annotations-1.1.jar;C:\Users\Lénaïck Sorimoutou\.m2\repository\org\codehaus\mojo\animal-sniffer-annotations\1.14\animal-sniffer-annotations-1.14.jar;C:\Users\Lénaïck Sorimoutou\.m2\repository\com\squareup\okhttp3\okhttp\3.11.0\okhttp-3.11.0.jar;C:\Users\Lénaïck Sorimoutou\.m2\repository\com\squareup\okio\okio\1.14.0\okio-1.14.0.jar;C:\Users\Lénaïck Sorimoutou\.m2\repository\org\seleniumhq\selenium\selenium-support\3.141.59\selenium-support-3.141.59.jar;C:\Users\Lénaïck Sorimoutou\.m2\repository\com\google\code\gson\gson\2.8.6\gson-2.8.6.jar;"/>
    <property name="sun.cpu.endian" value="little"/>
    <property name="user.home" value="C:\Users\Lénaïck Sorimoutou"/>
    <property name="user.language" value="fr"/>
    <property name="java.specification.vendor" value="Oracle Corporation"/>
    <property name="java.version.date" value="2019-04-16"/>
    <property name="java.home" value="C:\Program Files\AdoptOpenJDK\jdk-11.0.3.7-hotspot"/>
    <property name="file.separator" value="\"/>
    <property name="basedir" value="C:\Users\Lénaïck Sorimoutou\Documents\Programmation\Projet\WebScraping\server\WebSockets"/>
    <property name="java.vm.compressedOopsMode" value="32-bit"/>
    <property name="line.separator" value="&#10;"/>
    <property name="java.specification.name" value="Java Platform API Specification"/>
    <property name="java.vm.specification.vendor" value="Oracle Corporation"/>
    <property name="java.awt.graphicsenv" value="sun.awt.Win32GraphicsEnvironment"/>
    <property name="surefire.real.class.path" value="C:\Users\LNACKS~1\AppData\Local\Temp\surefire16951359669393168228\surefirebooter1855449080405054764.jar"/>
    <property name="user.script" value=""/>
    <property name="sun.management.compiler" value="HotSpot 64-Bit Tiered Compilers"/>
    <property name="java.runtime.version" value="11.0.3+7"/>
    <property name="user.name" value="Lénaïck Sorimoutou"/>
    <property name="path.separator" value=";"/>
    <property name="os.version" value="10.0"/>
    <property name="java.runtime.name" value="OpenJDK Runtime Environment"/>
    <property name="file.encoding" value="Cp1252"/>
    <property name="java.vm.name" value="OpenJDK 64-Bit Server VM"/>
    <property name="java.vendor.version" value="AdoptOpenJDK"/>
    <property name="localRepository" value="C:\Users\Lénaïck Sorimoutou\.m2\repository"/>
    <property name="java.vendor.url.bug" value="https://github.com/AdoptOpenJDK/openjdk-build/issues"/>
    <property name="java.io.tmpdir" value="C:\Users\LNACKS~1\AppData\Local\Temp\"/>
    <property name="java.version" value="11.0.3"/>
    <property name="user.dir" value="C:\Users\Lénaïck Sorimoutou\Documents\Programmation\Projet\WebScraping\server\WebSockets"/>
    <property name="os.arch" value="amd64"/>
    <property name="java.vm.specification.name" value="Java Virtual Machine Specification"/>
    <property name="java.awt.printerjob" value="sun.awt.windows.WPrinterJob"/>
    <property name="sun.os.patch.level" value=""/>
    <property name="java.library.path" value="C:\Program Files\AdoptOpenJDK\jdk-11.0.3.7-hotspot\bin;C:\WINDOWS\Sun\Java\bin;C:\WINDOWS\system32;C:\WINDOWS;C:\Program Files\AdoptOpenJDK\jdk-11.0.3.7-hotspot\bin;C:\Program Files (x86)\Intel\iCLS Client\;C:\Program Files\Intel\iCLS Client\;C:\WINDOWS\system32;C:\WINDOWS;C:\WINDOWS\System32\Wbem;C:\WINDOWS\System32\WindowsPowerShell\v1.0\;C:\Program Files (x86)\Intel\Intel(R) Management Engine Components\DAL;C:\Program Files\Intel\Intel(R) Management Engine Components\DAL;C:\Program Files (x86)\Intel\Intel(R) Management Engine Components\IPT;C:\Program Files\Intel\Intel(R) Management Engine Components\IPT;C:\Program Files\Intel\WiFi\bin\;C:\Program Files\Common Files\Intel\WirelessCommon\;C:\Program Files\dotnet\;C:\Program Files\Microsoft SQL Server\130\Tools\Binn\;C:\TDM-GCC-64\bin;C:\WINDOWS\System32\OpenSSH\;C:\Program Files\Git\cmd;C:\Program Files (x86)\Visual Leak Detector\bin\Win32;C:\Program Files (x86)\Visual Leak Detector\bin\Win64;C:\webdrivers;C:\Program Files\nodejs\;C:\Program Files\apache-maven-3.6.2\bin;C:\Users\Lénaïck Sorimoutou\AppData\Local\Microsoft\WindowsApps;C:\Users\Lénaïck Sorimoutou\AppData\Local\GitHubDesktop\bin;C:\Users\Lénaïck Sorimoutou\AppData\Local\atom\bin;C:\Users\Lénaïck Sorimoutou\AppData\Local\Programs\Microsoft VS Code\bin;C:\Users\Lénaïck Sorimoutou\AppData\Local\Programs\Python\Python37-32;C:\Users\Lénaïck Sorimoutou\AppData\Roaming\npm;C:\Users\Lénaïck Sorimoutou\AppData\Local\Microsoft\WindowsApps;C:\Program Files\heroku\bin;."/>
    <property name="java.vendor" value="AdoptOpenJDK"/>
    <property name="java.vm.info" value="mixed mode"/>
    <property name="java.vm.version" value="11.0.3+7"/>
    <property name="sun.io.unicode.encoding" value="UnicodeLittle"/>
    <property name="java.class.version" value="55.0"/>
  </properties>
  <testcase name="shouldAnswerWithTrue" classname="lenaickSorimoutou.AppTest" time="0.002"/>
</testsuite>